<?xml version="1.0" encoding="UTF-8"?>
<!-- Generated by org.testng.reporters.JUnitXMLReporter -->
<testsuite ignored="0" hostname="SURAJARMAN" failures="0" tests="4" name="Test" time="0.043" errors="0" timestamp="2022-12-05T16:23:14 IST">
  <testcase classname="Praticeforjenkin.sample2" name="Sample" time="0.009"/>
  <testcase classname="Praticeforjenkin.sample2" name="sample2" time="0.001"/>
  <testcase classname="Praticeforjenkin.Sample" name="create" time="0.001"/>
  <testcase classname="Praticeforjenkin.Sample" name="update" time="0.001"/>
</testsuite> <!-- Test -->
