<?xml version="1.0" encoding="UTF-8"?>
<testng-results ignored="0" total="4" passed="4" failed="0" skipped="0">
  <reporter-output>
  </reporter-output>
  <suite started-at="2022-12-05T16:23:13 IST" name="Suite" finished-at="2022-12-05T16:23:13 IST" duration-ms="43">
    <groups>
    </groups>
    <test started-at="2022-12-05T16:23:13 IST" name="Test" finished-at="2022-12-05T16:23:13 IST" duration-ms="43">
      <class name="Praticeforjenkin.sample2">
        <test-method signature="Sample()[pri:0, instance:Praticeforjenkin.sample2@41e1e210]" started-at="2022-12-05T16:23:13 IST" name="Sample" finished-at="2022-12-05T16:23:13 IST" duration-ms="9" status="PASS">
          <reporter-output>
          </reporter-output>
        </test-method> <!-- Sample -->
        <test-method signature="sample2()[pri:0, instance:Praticeforjenkin.sample2@41e1e210]" started-at="2022-12-05T16:23:13 IST" name="sample2" finished-at="2022-12-05T16:23:13 IST" duration-ms="1" status="PASS">
          <reporter-output>
          </reporter-output>
        </test-method> <!-- sample2 -->
      </class> <!-- Praticeforjenkin.sample2 -->
      <class name="Praticeforjenkin.Sample">
        <test-method signature="create()[pri:0, instance:Praticeforjenkin.Sample@693fe6c9]" started-at="2022-12-05T16:23:13 IST" name="create" finished-at="2022-12-05T16:23:13 IST" duration-ms="1" status="PASS">
          <reporter-output>
          </reporter-output>
        </test-method> <!-- create -->
        <test-method signature="update()[pri:0, instance:Praticeforjenkin.Sample@693fe6c9]" started-at="2022-12-05T16:23:13 IST" name="update" finished-at="2022-12-05T16:23:13 IST" duration-ms="1" status="PASS">
          <reporter-output>
          </reporter-output>
        </test-method> <!-- update -->
      </class> <!-- Praticeforjenkin.Sample -->
    </test> <!-- Test -->
  </suite> <!-- Suite -->
</testng-results>
